This is pdfTeX, Version 3.14159265-2.6-1.40.18 (MiKTeX 2.9.6600 64-bit) (preloaded format=pdflatex 2018.3.4)  9 MAR 2018 16:39
entering extended mode
**./Bibliography.tex
(Bibliography.tex
LaTeX2e <2017-04-15>
Babel <3.17> and hyphenation patterns for 75 language(s) loaded.

! LaTeX Error: Environment thebibliography undefined.

See the LaTeX manual or LaTeX Companion for explanation.
Type  H <return>  for immediate help.
 ...                                              
                                                  
l.1 \begin{thebibliography}
                           {1}
Your command was ignored.
Type  I <command> <return>  to replace it with another command,
or  <return>  to continue without it.


! LaTeX Error: Missing \begin{document}.

See the LaTeX manual or LaTeX Companion for explanation.
Type  H <return>  for immediate help.
 ...                                              
                                                  
l.1 \begin{thebibliography}{1
                             }
You're in trouble here.  Try typing  <return>  to proceed.
If that doesn't work, type  X <return>  to quit.

Missing character: There is no 1 in font nullfont!

Overfull \hbox (20.0pt too wide) in paragraph at lines 1--2
[] 
 []


! LaTeX Error: Lonely \item--perhaps a missing list environment.

See the LaTeX manual or LaTeX Companion for explanation.
Type  H <return>  for immediate help.
 ...                                              
                                                  
l.3 \bibitem{alexnet}
                      Alex Krizhevsky, Ilya Sutskever, Geoffrey E. Hinton {\...

Try typing  <return>  to proceed.
If that doesn't work, type  X <return>  to quit.

! Undefined control sequence.
<argument> \@listctr 
                     
l.3 \bibitem{alexnet}
                      Alex Krizhevsky, Ilya Sutskever, Geoffrey E. Hinton {\...
The control sequence at the end of the top line
of your error message was never \def'ed. If you have
misspelled it (e.g., `\hobx'), type `I' and the correct
spelling (e.g., `I\hbox'). Otherwise just continue,
and I'll forget about whatever was undefined.

! You can't use `\relax' after \the.
<recently read> \c@ 
                    
l.3 \bibitem{alexnet}
                      Alex Krizhevsky, Ilya Sutskever, Geoffrey E. Hinton {\...
I'm forgetting what you said and using zero instead.

\bibcite{alexnet}{0}
Missing character: There is no A in font nullfont!
Missing character: There is no l in font nullfont!
Missing character: There is no e in font nullfont!
Missing character: There is no x in font nullfont!
Missing character: There is no K in font nullfont!
Missing character: There is no r in font nullfont!
Missing character: There is no i in font nullfont!
Missing character: There is no z in font nullfont!
Missing character: There is no h in font nullfont!
Missing character: There is no e in font nullfont!
Missing character: There is no v in font nullfont!
Missing character: There is no s in font nullfont!
Missing character: There is no k in font nullfont!
Missing character: There is no y in font nullfont!
Missing character: There is no , in font nullfont!
Missing character: There is no I in font nullfont!
Missing character: There is no l in font nullfont!
Missing character: There is no y in font nullfont!
Missing character: There is no a in font nullfont!
Missing character: There is no S in font nullfont!
Missing character: There is no u in font nullfont!
Missing character: There is no t in font nullfont!
Missing character: There is no s in font nullfont!
Missing character: There is no k in font nullfont!
Missing character: There is no e in font nullfont!
Missing character: There is no v in font nullfont!
Missing character: There is no e in font nullfont!
Missing character: There is no r in font nullfont!
Missing character: There is no , in font nullfont!
Missing character: There is no G in font nullfont!
Missing character: There is no e in font nullfont!
Missing character: There is no o in font nullfont!
Missing character: There is no f in font nullfont!
Missing character: There is no f in font nullfont!
Missing character: There is no r in font nullfont!
Missing character: There is no e in font nullfont!
Missing character: There is no y in font nullfont!
Missing character: There is no E in font nullfont!
Missing character: There is no . in font nullfont!
Missing character: There is no H in font nullfont!
Missing character: There is no i in font nullfont!
Missing character: There is no n in font nullfont!
Missing character: There is no t in font nullfont!
Missing character: There is no o in font nullfont!
Missing character: There is no n in font nullfont!
Missing character: There is no 2 in font nullfont!
Missing character: There is no 0 in font nullfont!
Missing character: There is no 1 in font nullfont!
Missing character: There is no 2 in font nullfont!
Missing character: There is no . in font nullfont!

Overfull \hbox (15.61101pt too wide) in paragraph at lines 3--4
\OT1/cmr/m/it/10 Im-
 []


Overfull \hbox (8.68883pt too wide) in paragraph at lines 3--4
\OT1/cmr/m/it/10 a-
 []


Overfull \hbox (24.55536pt too wide) in paragraph at lines 3--4
\OT1/cmr/m/it/10 geNet
 []


Overfull \hbox (22.48874pt too wide) in paragraph at lines 3--4
\OT1/cmr/m/it/10 Clas-
 []


Overfull \hbox (10.73326pt too wide) in paragraph at lines 3--4
\OT1/cmr/m/it/10 si-
 []


Overfull \hbox (9.19994pt too wide) in paragraph at lines 3--4
\OT1/cmr/m/it/10 fi-
 []


Overfull \hbox (12.77766pt too wide) in paragraph at lines 3--4
\OT1/cmr/m/it/10 ca-
 []


Overfull \hbox (17.12212pt too wide) in paragraph at lines 3--4
\OT1/cmr/m/it/10 tion
 []


Overfull \hbox (18.14433pt too wide) in paragraph at lines 3--4
\OT1/cmr/m/it/10 with
 []


Overfull \hbox (21.34982pt too wide) in paragraph at lines 3--4
\OT1/cmr/m/it/10 Deep
 []


Overfull \hbox (21.46652pt too wide) in paragraph at lines 3--4
\OT1/cmr/m/it/10 Con-
 []


Overfull \hbox (13.28879pt too wide) in paragraph at lines 3--4
\OT1/cmr/m/it/10 vo-
 []


Overfull \hbox (11.49992pt too wide) in paragraph at lines 3--4
\OT1/cmr/m/it/10 lu-
 []


Overfull \hbox (24.78874pt too wide) in paragraph at lines 3--4
\OT1/cmr/m/it/10 tional
 []


Overfull \hbox (20.97763pt too wide) in paragraph at lines 3--4
\OT1/cmr/m/it/10 Neu-
 []


Overfull \hbox (11.37213pt too wide) in paragraph at lines 3--4
\OT1/cmr/m/it/10 ral
 []


Overfull \hbox (18.93318pt too wide) in paragraph at lines 3--4
\OT1/cmr/m/it/10 Net-
 []


Overfull \hbox (24.66095pt too wide) in paragraph at lines 3--4
\OT1/cmr/m/it/10 works
 []


! LaTeX Error: Lonely \item--perhaps a missing list environment.

See the LaTeX manual or LaTeX Companion for explanation.
Type  H <return>  for immediate help.
 ...                                              
                                                  
l.5 \bibitem{lechun}
                     Yann LeChun, Leon Bottou, Yoshua Bengio, Patrick Haffne...

Try typing  <return>  to proceed.
If that doesn't work, type  X <return>  to quit.

! Undefined control sequence.
<argument> \@listctr 
                     
l.5 \bibitem{lechun}
                     Yann LeChun, Leon Bottou, Yoshua Bengio, Patrick Haffne...
The control sequence at the end of the top line
of your error message was never \def'ed. If you have
misspelled it (e.g., `\hobx'), type `I' and the correct
spelling (e.g., `I\hbox'). Otherwise just continue,
and I'll forget about whatever was undefined.

! You can't use `\relax' after \the.
<recently read> \c@ 
                    
l.5 \bibitem{lechun}
                     Yann LeChun, Leon Bottou, Yoshua Bengio, Patrick Haffne...
I'm forgetting what you said and using zero instead.

\bibcite{lechun}{0}
Missing character: There is no Y in font nullfont!
Missing character: There is no a in font nullfont!
Missing character: There is no n in font nullfont!
Missing character: There is no n in font nullfont!
Missing character: There is no L in font nullfont!
Missing character: There is no e in font nullfont!
Missing character: There is no C in font nullfont!
Missing character: There is no h in font nullfont!
Missing character: There is no u in font nullfont!
Missing character: There is no n in font nullfont!
Missing character: There is no , in font nullfont!
Missing character: There is no L in font nullfont!
Missing character: There is no e in font nullfont!
Missing character: There is no o in font nullfont!
Missing character: There is no n in font nullfont!
Missing character: There is no B in font nullfont!
Missing character: There is no o in font nullfont!
Missing character: There is no t in font nullfont!
Missing character: There is no t in font nullfont!
Missing character: There is no o in font nullfont!
Missing character: There is no u in font nullfont!
Missing character: There is no , in font nullfont!
Missing character: There is no Y in font nullfont!
Missing character: There is no o in font nullfont!
Missing character: There is no s in font nullfont!
Missing character: There is no h in font nullfont!
Missing character: There is no u in font nullfont!
Missing character: There is no a in font nullfont!
Missing character: There is no B in font nullfont!
Missing character: There is no e in font nullfont!
Missing character: There is no n in font nullfont!
Missing character: There is no g in font nullfont!
Missing character: There is no i in font nullfont!
Missing character: There is no o in font nullfont!
Missing character: There is no , in font nullfont!
Missing character: There is no P in font nullfont!
Missing character: There is no a in font nullfont!
Missing character: There is no t in font nullfont!
Missing character: There is no r in font nullfont!
Missing character: There is no i in font nullfont!
Missing character: There is no c in font nullfont!
Missing character: There is no k in font nullfont!
Missing character: There is no H in font nullfont!
Missing character: There is no a in font nullfont!
Missing character: There is no f in font nullfont!
Missing character: There is no f in font nullfont!
Missing character: There is no n in font nullfont!
Missing character: There is no e in font nullfont!
Missing character: There is no r in font nullfont!
Missing character: There is no 1 in font nullfont!
Missing character: There is no 9 in font nullfont!
Missing character: There is no 9 in font nullfont!
Missing character: There is no 8 in font nullfont!

Overfull \hbox (41.85248pt too wide) in paragraph at lines 5--6
\OT1/cmr/m/it/10 Gradient-
 []


Overfull \hbox (25.43872pt too wide) in paragraph at lines 5--6
\OT1/cmr/m/it/10 Based
 []


Overfull \hbox (28.37753pt too wide) in paragraph at lines 5--6
\OT1/cmr/m/it/10 Learn-
 []


Overfull \hbox (13.2888pt too wide) in paragraph at lines 5--6
\OT1/cmr/m/it/10 ing
 []


Overfull \hbox (16.12212pt too wide) in paragraph at lines 5--6
\OT1/cmr/m/it/10 Ap-
 []


Overfull \hbox (19.9332pt too wide) in paragraph at lines 5--6
\OT1/cmr/m/it/10 plied
 []


Overfull \hbox (8.43327pt too wide) in paragraph at lines 5--6
\OT1/cmr/m/it/10 to
 []


Overfull \hbox (20.3276pt too wide) in paragraph at lines 5--6
\OT1/cmr/m/it/10 Doc-
 []


Overfull \hbox (8.94438pt too wide) in paragraph at lines 5--6
\OT1/cmr/m/it/10 u-
 []


Overfull \hbox (21.72208pt too wide) in paragraph at lines 5--6
\OT1/cmr/m/it/10 ment
 []


Overfull \hbox (27.73862pt too wide) in paragraph at lines 5--6
\OT1/cmr/m/it/10 Recog-
 []


Overfull \hbox (12.26659pt too wide) in paragraph at lines 5--6
\OT1/cmr/m/it/10 ni-
 []


Overfull \hbox (17.12212pt too wide) in paragraph at lines 5--6
\OT1/cmr/m/it/10 tion
 []


! LaTeX Error: Lonely \item--perhaps a missing list environment.

See the LaTeX manual or LaTeX Companion for explanation.
Type  H <return>  for immediate help.
 ...                                              
                                                  
l.7 \bibitem{multiInstance}
                            Jaume Amores {\em Multiple Instance Classificati...

Try typing  <return>  to proceed.
If that doesn't work, type  X <return>  to quit.

! Undefined control sequence.
<argument> \@listctr 
                     
l.7 \bibitem{multiInstance}
                            Jaume Amores {\em Multiple Instance Classificati...
The control sequence at the end of the top line
of your error message was never \def'ed. If you have
misspelled it (e.g., `\hobx'), type `I' and the correct
spelling (e.g., `I\hbox'). Otherwise just continue,
and I'll forget about whatever was undefined.

! You can't use `\relax' after \the.
<recently read> \c@ 
                    
l.7 \bibitem{multiInstance}
                            Jaume Amores {\em Multiple Instance Classificati...
I'm forgetting what you said and using zero instead.

\bibcite{multiInstance}{0}
Missing character: There is no J in font nullfont!
Missing character: There is no a in font nullfont!
Missing character: There is no u in font nullfont!
Missing character: There is no m in font nullfont!
Missing character: There is no e in font nullfont!
Missing character: There is no A in font nullfont!
Missing character: There is no m in font nullfont!
Missing character: There is no o in font nullfont!
Missing character: There is no r in font nullfont!
Missing character: There is no e in font nullfont!
Missing character: There is no s in font nullfont!
Missing character: There is no 2 in font nullfont!
Missing character: There is no 0 in font nullfont!
Missing character: There is no 1 in font nullfont!
Missing character: There is no 3 in font nullfont!

Overfull \hbox (20.46654pt too wide) in paragraph at lines 7--9
\OT1/cmr/m/it/10 Mul-
 []


Overfull \hbox (9.96658pt too wide) in paragraph at lines 7--9
\OT1/cmr/m/it/10 ti-
 []


Overfull \hbox (12.26659pt too wide) in paragraph at lines 7--9
\OT1/cmr/m/it/10 ple
 []


Overfull \hbox (13.05547pt too wide) in paragraph at lines 7--9
\OT1/cmr/m/it/10 In-
 []


Overfull \hbox (26.83313pt too wide) in paragraph at lines 7--9
\OT1/cmr/m/it/10 stance
 []


Overfull \hbox (22.48874pt too wide) in paragraph at lines 7--9
\OT1/cmr/m/it/10 Clas-
 []


Overfull \hbox (10.73326pt too wide) in paragraph at lines 7--9
\OT1/cmr/m/it/10 si-
 []


Overfull \hbox (9.19994pt too wide) in paragraph at lines 7--9
\OT1/cmr/m/it/10 fi-
 []


Overfull \hbox (12.77766pt too wide) in paragraph at lines 7--9
\OT1/cmr/m/it/10 ca-
 []


Overfull \hbox (20.18877pt too wide) in paragraph at lines 7--9
\OT1/cmr/m/it/10 tion:
 []


Overfull \hbox (11.88321pt too wide) in paragraph at lines 7--9
\OT1/cmr/m/it/10 re-
 []


Overfull \hbox (21.97763pt too wide) in paragraph at lines 7--9
\OT1/cmr/m/it/10 view,
 []


Overfull \hbox (16.64989pt too wide) in paragraph at lines 7--9
\OT1/cmr/m/it/10 tax-
 []


Overfull \hbox (14.31102pt too wide) in paragraph at lines 7--9
\OT1/cmr/m/it/10 on-
 []


Overfull \hbox (18.14433pt too wide) in paragraph at lines 7--9
\OT1/cmr/m/it/10 omy
 []


Overfull \hbox (15.84436pt too wide) in paragraph at lines 7--9
\OT1/cmr/m/it/10 and
 []


Overfull \hbox (20.9554pt too wide) in paragraph at lines 7--9
\OT1/cmr/m/it/10 com-
 []


Overfull \hbox (17.50542pt too wide) in paragraph at lines 7--9
\OT1/cmr/m/it/10 par-
 []


Overfull \hbox (8.68883pt too wide) in paragraph at lines 7--9
\OT1/cmr/m/it/10 a-
 []


Overfull \hbox (15.58876pt too wide) in paragraph at lines 7--9
\OT1/cmr/m/it/10 tive
 []


Overfull \hbox (22.7443pt too wide) in paragraph at lines 7--9
\OT1/cmr/m/it/10 study
 []


! LaTeX Error: Lonely \item--perhaps a missing list environment.

See the LaTeX manual or LaTeX Companion for explanation.
Type  H <return>  for immediate help.
 ...                                              
                                                  
l.10 \bibitem{fo}
                  Bob Tadashi Wakabayashi {\em Anti-Foreignism and Western
Try typing  <return>  to proceed.
If that doesn't work, type  X <return>  to quit.

! Undefined control sequence.
<argument> \@listctr 
                     
l.10 \bibitem{fo}
                  Bob Tadashi Wakabayashi {\em Anti-Foreignism and Western
The control sequence at the end of the top line
of your error message was never \def'ed. If you have
misspelled it (e.g., `\hobx'), type `I' and the correct
spelling (e.g., `I\hbox'). Otherwise just continue,
and I'll forget about whatever was undefined.

! You can't use `\relax' after \the.
<recently read> \c@ 
                    
l.10 \bibitem{fo}
                  Bob Tadashi Wakabayashi {\em Anti-Foreignism and Western
I'm forgetting what you said and using zero instead.

\bibcite{fo}{0}
Missing character: There is no B in font nullfont!
Missing character: There is no o in font nullfont!
Missing character: There is no b in font nullfont!
Missing character: There is no T in font nullfont!
Missing character: There is no a in font nullfont!
Missing character: There is no d in font nullfont!
Missing character: There is no a in font nullfont!
Missing character: There is no s in font nullfont!
Missing character: There is no h in font nullfont!
Missing character: There is no i in font nullfont!
Missing character: There is no W in font nullfont!
Missing character: There is no a in font nullfont!
Missing character: There is no k in font nullfont!
Missing character: There is no a in font nullfont!
Missing character: There is no b in font nullfont!
Missing character: There is no a in font nullfont!
Missing character: There is no y in font nullfont!
Missing character: There is no a in font nullfont!
Missing character: There is no s in font nullfont!
Missing character: There is no h in font nullfont!
Missing character: There is no i in font nullfont!
Missing character: There is no 1 in font nullfont!
Missing character: There is no 9 in font nullfont!
Missing character: There is no 8 in font nullfont!
Missing character: There is no 6 in font nullfont!
Missing character: There is no : in font nullfont!
Missing character: There is no H in font nullfont!
Missing character: There is no a in font nullfont!
Missing character: There is no r in font nullfont!
Missing character: There is no v in font nullfont!
Missing character: There is no a in font nullfont!
Missing character: There is no r in font nullfont!
Missing character: There is no d in font nullfont!
Missing character: There is no U in font nullfont!
Missing character: There is no n in font nullfont!
Missing character: There is no i in font nullfont!
Missing character: There is no v in font nullfont!
Missing character: There is no e in font nullfont!
Missing character: There is no r in font nullfont!
Missing character: There is no s in font nullfont!
Missing character: There is no i in font nullfont!
Missing character: There is no t in font nullfont!
Missing character: There is no y in font nullfont!
Missing character: There is no P in font nullfont!
Missing character: There is no r in font nullfont!
Missing character: There is no e in font nullfont!
Missing character: There is no s in font nullfont!
Missing character: There is no s in font nullfont!
Missing character: There is no . in font nullfont!

Overfull \hbox (22.7665pt too wide) in paragraph at lines 10--12
\OT1/cmr/m/it/10 Anti-
 []


Overfull \hbox (47.79967pt too wide) in paragraph at lines 10--12
\OT1/cmr/m/it/10 Foreignism
 []


Overfull \hbox (15.84436pt too wide) in paragraph at lines 10--12
\OT1/cmr/m/it/10 and
 []


Overfull \hbox (25.57759pt too wide) in paragraph at lines 10--12
\OT1/cmr/m/it/10 West-
 []


Overfull \hbox (14.43878pt too wide) in paragraph at lines 10--12
\OT1/cmr/m/it/10 ern
 []


Overfull \hbox (28.37753pt too wide) in paragraph at lines 10--12
\OT1/cmr/m/it/10 Learn-
 []


Overfull \hbox (13.2888pt too wide) in paragraph at lines 10--12
\OT1/cmr/m/it/10 ing
 []


Overfull \hbox (8.68884pt too wide) in paragraph at lines 10--12
\OT1/cmr/m/it/10 in
 []


Overfull \hbox (27.09981pt too wide) in paragraph at lines 10--12
\OT1/cmr/m/it/10 Early-
 []


Overfull \hbox (33.11644pt too wide) in paragraph at lines 10--12
\OT1/cmr/m/it/10 Modern
 []


Overfull \hbox (25.69427pt too wide) in paragraph at lines 10--12
\OT1/cmr/m/it/10 Japan
 []


! LaTeX Error: \begin{document} ended by \end{thebibliography}.

See the LaTeX manual or LaTeX Companion for explanation.
Type  H <return>  for immediate help.
 ...                                              
                                                  
l.13 \end{thebibliography}
                          
Your command was ignored.
Type  I <command> <return>  to replace it with another command,
or  <return>  to continue without it.

)
! Emergency stop.
<*> ./Bibliography.tex
                      
*** (job aborted, no legal \end found)

 
Here is how much of TeX's memory you used:
 13 strings out of 493303
 280 string characters out of 3129785
 55826 words of memory out of 3000000
 3665 multiletter control sequences out of 15000+200000
 3986 words of font info for 15 fonts, out of 3000000 for 9000
 1141 hyphenation exceptions out of 8191
 13i,1n,9p,183b,74s stack positions out of 5000i,500n,10000p,200000b,50000s
!  ==> Fatal error occurred, no output PDF file produced!
